#
# A fatal error has been detected by the Java Runtime Environment:
#
#  EXCEPTION_ACCESS_VIOLATION (0xc0000005) at pc=0x0000000054cb2868, pid=11740, tid=12552
#
# JRE version: Java(TM) SE Runtime Environment (8.0_77-b03) (build 1.8.0_77-b03)
# Java VM: Java HotSpot(TM) 64-Bit Server VM (25.77-b03 mixed mode windows-amd64 compressed oops)
# Problematic frame:
# C  [jdwp.dll+0x22868]
#
# Failed to write core dump. Minidumps are not enabled by default on client versions of Windows
#
# If you would like to submit a bug report, please visit:
#   http://bugreport.java.com/bugreport/crash.jsp
# The crash happened outside the Java Virtual Machine in native code.
# See problematic frame for where to report the bug.
#

---------------  T H R E A D  ---------------

Current thread (0x0000000017a09800):  JavaThread "JDWP Command Reader" daemon [_thread_in_native, id=12552, stack(0x00000000195a0000,0x00000000196a0000)]

siginfo: ExceptionCode=0xc0000005, reading address 0x0000000000000000

Registers:
RAX=0x0000000054cbf5a0, RBX=0x000000000000000c, RCX=0x0000000000000000, RDX=0x0000000000000028
RSP=0x000000001969f5f0, RBP=0x0000000054cb91a8, RSI=0x0000000000000004, RDI=0x0000000054c433c0
R8 =0x000000001969f658, R9 =0x7efefefefefeff6b, R10=0x81010101010100f8, R11=0x8101010101010100
R12=0x0000000017a09d00, R13=0x0000000017a0a0d8, R14=0x0000000000000000, R15=0x0000000054cb9198
RIP=0x0000000054cb2868, EFLAGS=0x0000000000010206

Top of Stack: (sp=0x000000001969f5f0)
0x000000001969f5f0:   000000001969f618 0000000000000018
0x000000001969f600:   0000000000000000 00007fff00000000
0x000000001969f610:   0000000000002714 0000000054c423c0
0x000000001969f620:   0000000000000001 0000000000000020
0x000000001969f630:   0000000000000000 0000000000000324
0x000000001969f640:   0000000054c433c0 0000000054c4108e
0x000000001969f650:   000000000000000c 000000001969f668
0x000000001969f660:   0000000000000004 00007fffadd80800
0x000000001969f670:   7075727265746e49 636e756620646574
0x000000001969f680:   6c6163206e6f6974 000000000000006c
0x000000001969f690:   0000000054cb9198 0000000000000000
0x000000001969f6a0:   00004edb4ed66125 0000000017a09d00
0x000000001969f6b0:   0000000000000348 00007fffad22b1bd
0x000000001969f6c0:   0000000000002714 000000000105a440
0x000000001969f6d0:   0000000000000004 000000001969f714
0x000000001969f6e0:   000000001969f778 0000000000000000 

Instructions: (pc=0x0000000054cb2868)
0x0000000054cb2848:   83 ec 50 48 63 d1 85 c9 75 07 33 c0 e9 84 00 00
0x0000000054cb2858:   00 48 8b 05 88 d4 00 00 4c 8d 44 24 68 48 8b 08
0x0000000054cb2868:   48 8b 01 ff 90 68 01 00 00 8b f8 85 c0 74 61 8b
0x0000000054cb2878:   c8 e8 72 ca fe ff 48 8b d8 ff 15 a9 49 00 00 c7 


Register to memory mapping:

RAX=0x0000000054cbf5a0 is an unknown value
RBX=0x000000000000000c is an unknown value
RCX=0x0000000000000000 is an unknown value
RDX=0x0000000000000028 is an unknown value
RSP=0x000000001969f5f0 is pointing into the stack for thread: 0x0000000017a09800
RBP=0x0000000054cb91a8 is an unknown value
RSI=0x0000000000000004 is an unknown value
RDI=0x0000000054c433c0 is an unknown value
R8 =0x000000001969f658 is pointing into the stack for thread: 0x0000000017a09800
R9 =0x7efefefefefeff6b is an unknown value
R10=0x81010101010100f8 is an unknown value
R11=0x8101010101010100 is an unknown value
R12=0x0000000017a09d00 is an unknown value
R13=0x0000000017a0a0d8 is an unknown value
R14=0x0000000000000000 is an unknown value
R15=0x0000000054cb9198 is an unknown value


Stack: [0x00000000195a0000,0x00000000196a0000],  sp=0x000000001969f5f0,  free space=1021k
Native frames: (J=compiled Java code, j=interpreted, Vv=VM code, C=native code)
C  [jdwp.dll+0x22868]
C  [dt_socket.dll+0x108e]
C  [dt_socket.dll+0x15f6]
C  [jdwp.dll+0x1fa11]
C  [jdwp.dll+0xecf6]
V  [jvm.dll+0x1bba58]
V  [jvm.dll+0x243434]
V  [jvm.dll+0x29a27a]
C  [msvcr100.dll+0x21d9f]
C  [msvcr100.dll+0x21e3b]
C  [KERNEL32.DLL+0x8364]
C  [ntdll.dll+0x670d1]


---------------  P R O C E S S  ---------------

Java Threads: ( => current thread )
  0x000000002109d000 JavaThread "Abandoned connection cleanup thread" daemon [_thread_blocked, id=12880, stack(0x0000000037a60000,0x0000000037b60000)]
  0x000000001e987000 JavaThread "ShutdownMonitor" daemon [_thread_blocked, id=12848, stack(0x000000001f560000,0x000000001f660000)]
  0x000000001daec000 JavaThread "Abandoned connection cleanup thread" daemon [_thread_blocked, id=7836, stack(0x000000001f460000,0x000000001f560000)]
  0x0000000017a4e800 JavaThread "Service Thread" daemon [_thread_blocked, id=12336, stack(0x0000000019da0000,0x0000000019ea0000)]
  0x00000000196e6000 JavaThread "C1 CompilerThread2" daemon [_thread_blocked, id=12372, stack(0x0000000019ca0000,0x0000000019da0000)]
  0x0000000017a4c800 JavaThread "C2 CompilerThread1" daemon [_thread_blocked, id=10612, stack(0x0000000019ba0000,0x0000000019ca0000)]
  0x0000000017a4b800 JavaThread "C2 CompilerThread0" daemon [_thread_blocked, id=820, stack(0x0000000019aa0000,0x0000000019ba0000)]
=>0x0000000017a09800 JavaThread "JDWP Command Reader" daemon [_thread_in_native, id=12552, stack(0x00000000195a0000,0x00000000196a0000)]
  0x0000000017a06000 JavaThread "JDWP Event Helper Thread" daemon [_thread_blocked, id=1892, stack(0x00000000194a0000,0x00000000195a0000)]
  0x0000000017a02800 JavaThread "JDWP Transport Listener: dt_socket" daemon [_thread_blocked, id=1272, stack(0x00000000193a0000,0x00000000194a0000)]
  0x00000000179ef800 JavaThread "Attach Listener" daemon [_thread_blocked, id=10608, stack(0x0000000018f60000,0x0000000019060000)]
  0x00000000179da800 JavaThread "Finalizer" daemon [_thread_blocked, id=7116, stack(0x0000000018c50000,0x0000000018d50000)]
  0x0000000002fe2000 JavaThread "Reference Handler" daemon [_thread_blocked, id=11308, stack(0x0000000018b50000,0x0000000018c50000)]
  0x0000000002bae800 JavaThread "main" [_thread_blocked, id=11836, stack(0x0000000002c10000,0x0000000002d10000)]

Other Threads:
  0x00000000179b8000 VMThread [stack: 0x0000000018a50000,0x0000000018b50000] [id=8728]

VM state:at safepoint (normal execution)

VM Mutex/Monitor currently owned by a thread:  ([mutex/lock_event])
[0x0000000002bae1b0] Threads_lock - owner thread: 0x00000000179b8000
[0x0000000002ef00d0] Compile_lock - owner thread: 0x0000000002bae800

Heap:
 PSYoungGen      total 453120K, used 7550K [0x00000000d6980000, 0x00000000f5480000, 0x0000000100000000)
  eden space 407040K, 1% used [0x00000000d6980000,0x00000000d70dfad0,0x00000000ef700000)
  from space 46080K, 0% used [0x00000000f2280000,0x00000000f2280000,0x00000000f4f80000)
  to   space 44544K, 0% used [0x00000000ef700000,0x00000000ef700000,0x00000000f2280000)
 ParOldGen       total 205824K, used 41528K [0x0000000083c00000, 0x0000000090500000, 0x00000000d6980000)
  object space 205824K, 20% used [0x0000000083c00000,0x000000008648e258,0x0000000090500000)
 Metaspace       used 73650K, capacity 74702K, committed 75608K, reserved 1116160K
  class space    used 8475K, capacity 8772K, committed 8832K, reserved 1048576K

Card table byte_map: [0x00000000123b0000,0x00000000127a0000] byte_map_base: 0x0000000011f92000

Marking Bits: (ParMarkBitMap*) 0x0000000055790600
 Begin Bits: [0x0000000012e40000, 0x0000000014d50000)
 End Bits:   [0x0000000014d50000, 0x0000000016c60000)

Polling page: 0x0000000001230000

CodeCache: size=245760Kb used=36662Kb max_used=37546Kb free=209097Kb
 bounds [0x0000000002ff0000, 0x00000000054e0000, 0x0000000011ff0000]
 total_blobs=10438 nmethods=9809 adapters=548
 compilation: enabled

Compilation events (10 events):
Event: 1143.903 Thread 0x00000000196e6000 12367   !   3       java.io.FileInputStream::close (62 bytes)
Event: 1143.903 Thread 0x00000000196e6000 nmethod 12367 0x000000000538b410 code [0x000000000538b5c0, 0x000000000538bc58]
Event: 1143.918 Thread 0x00000000196e6000 12368       3       java.util.logging.LogManager::access$100 (4 bytes)
Event: 1143.918 Thread 0x00000000196e6000 nmethod 12368 0x00000000049781d0 code [0x0000000004978320, 0x0000000004978450]
Event: 1143.919 Thread 0x00000000196e6000 12369       3       java.util.logging.LogManager$LoggerContext::requiresDefaultLoggers (29 bytes)
Event: 1143.919 Thread 0x00000000196e6000 nmethod 12369 0x0000000003e89590 code [0x0000000003e89700, 0x0000000003e89b28]
Event: 1143.922 Thread 0x0000000017a4c800 nmethod 12360 0x00000000042d6ed0 code [0x00000000042d7060, 0x00000000042d7770]
Event: 1143.939 Thread 0x0000000017a4b800 nmethod 12366% 0x0000000004934d50 code [0x0000000004934f00, 0x0000000004935c98]
Event: 1143.943 Thread 0x00000000196e6000 12370       1       org.eclipse.sisu.inject.MildValues$Weak::key (5 bytes)
Event: 1143.943 Thread 0x00000000196e6000 nmethod 12370 0x00000000053cf090 code [0x00000000053cf1e0, 0x00000000053cf2f0]

GC Heap History (10 events):
Event: 32.311 GC heap before
{Heap before GC invocations=17 (full 3):
 PSYoungGen      total 331776K, used 292735K [0x00000000d6980000, 0x00000000f2100000, 0x0000000100000000)
  eden space 279040K, 100% used [0x00000000d6980000,0x00000000e7a00000,0x00000000e7a00000)
  from space 52736K, 25% used [0x00000000e7a00000,0x00000000e875fc88,0x00000000ead80000)
  to   space 50176K, 0% used [0x00000000ef000000,0x00000000ef000000,0x00000000f2100000)
 ParOldGen       total 161280K, used 33716K [0x0000000083c00000, 0x000000008d980000, 0x00000000d6980000)
  object space 161280K, 20% used [0x0000000083c00000,0x0000000085ced000,0x000000008d980000)
 Metaspace       used 59980K, capacity 60958K, committed 61568K, reserved 1103872K
  class space    used 7188K, capacity 7478K, committed 7552K, reserved 1048576K
Event: 32.337 GC heap after
Heap after GC invocations=17 (full 3):
 PSYoungGen      total 375296K, used 19890K [0x00000000d6980000, 0x00000000f1280000, 0x0000000100000000)
  eden space 339968K, 0% used [0x00000000d6980000,0x00000000d6980000,0x00000000eb580000)
  from space 35328K, 56% used [0x00000000ef000000,0x00000000f036c998,0x00000000f1280000)
  to   space 47616K, 0% used [0x00000000eb580000,0x00000000eb580000,0x00000000ee400000)
 ParOldGen       total 161280K, used 33724K [0x0000000083c00000, 0x000000008d980000, 0x00000000d6980000)
  object space 161280K, 20% used [0x0000000083c00000,0x0000000085cef000,0x000000008d980000)
 Metaspace       used 59980K, capacity 60958K, committed 61568K, reserved 1103872K
  class space    used 7188K, capacity 7478K, committed 7552K, reserved 1048576K
}
Event: 45.659 GC heap before
{Heap before GC invocations=18 (full 3):
 PSYoungGen      total 375296K, used 333405K [0x00000000d6980000, 0x00000000f1280000, 0x0000000100000000)
  eden space 339968K, 92% used [0x00000000d6980000,0x00000000e9baadf8,0x00000000eb580000)
  from space 35328K, 56% used [0x00000000ef000000,0x00000000f036c998,0x00000000f1280000)
  to   space 47616K, 0% used [0x00000000eb580000,0x00000000eb580000,0x00000000ee400000)
 ParOldGen       total 161280K, used 33724K [0x0000000083c00000, 0x000000008d980000, 0x00000000d6980000)
  object space 161280K, 20% used [0x0000000083c00000,0x0000000085cef000,0x000000008d980000)
 Metaspace       used 67926K, capacity 68986K, committed 69336K, reserved 1110016K
  class space    used 7902K, capacity 8190K, committed 8192K, reserved 1048576K
Event: 45.734 GC heap after
Heap after GC invocations=18 (full 3):
 PSYoungGen      total 387584K, used 21613K [0x00000000d6980000, 0x00000000f4f80000, 0x0000000100000000)
  eden space 339968K, 0% used [0x00000000d6980000,0x00000000d6980000,0x00000000eb580000)
  from space 47616K, 45% used [0x00000000eb580000,0x00000000eca9b548,0x00000000ee400000)
  to   space 46080K, 0% used [0x00000000f2280000,0x00000000f2280000,0x00000000f4f80000)
 ParOldGen       total 161280K, used 33724K [0x0000000083c00000, 0x000000008d980000, 0x00000000d6980000)
  object space 161280K, 20% used [0x0000000083c00000,0x0000000085cef000,0x000000008d980000)
 Metaspace       used 67926K, capacity 68986K, committed 69336K, reserved 1110016K
  class space    used 7902K, capacity 8190K, committed 8192K, reserved 1048576K
}
Event: 45.734 GC heap before
{Heap before GC invocations=19 (full 4):
 PSYoungGen      total 387584K, used 21613K [0x00000000d6980000, 0x00000000f4f80000, 0x0000000100000000)
  eden space 339968K, 0% used [0x00000000d6980000,0x00000000d6980000,0x00000000eb580000)
  from space 47616K, 45% used [0x00000000eb580000,0x00000000eca9b548,0x00000000ee400000)
  to   space 46080K, 0% used [0x00000000f2280000,0x00000000f2280000,0x00000000f4f80000)
 ParOldGen       total 161280K, used 33724K [0x0000000083c00000, 0x000000008d980000, 0x00000000d6980000)
  object space 161280K, 20% used [0x0000000083c00000,0x0000000085cef000,0x000000008d980000)
 Metaspace       used 67926K, capacity 68986K, committed 69336K, reserved 1110016K
  class space    used 7902K, capacity 8190K, committed 8192K, reserved 1048576K
Event: 46.069 GC heap after
Heap after GC invocations=19 (full 4):
 PSYoungGen      total 387584K, used 0K [0x00000000d6980000, 0x00000000f4f80000, 0x0000000100000000)
  eden space 339968K, 0% used [0x00000000d6980000,0x00000000d6980000,0x00000000eb580000)
  from space 47616K, 0% used [0x00000000eb580000,0x00000000eb580000,0x00000000ee400000)
  to   space 46080K, 0% used [0x00000000f2280000,0x00000000f2280000,0x00000000f4f80000)
 ParOldGen       total 205824K, used 43163K [0x0000000083c00000, 0x0000000090500000, 0x00000000d6980000)
  object space 205824K, 20% used [0x0000000083c00000,0x0000000086626ee0,0x0000000090500000)
 Metaspace       used 67926K, capacity 68986K, committed 69336K, reserved 1110016K
  class space    used 7902K, capacity 8190K, committed 8192K, reserved 1048576K
}
Event: 1143.341 GC heap before
{Heap before GC invocations=20 (full 4):
 PSYoungGen      total 387584K, used 317388K [0x00000000d6980000, 0x00000000f4f80000, 0x0000000100000000)
  eden space 339968K, 93% used [0x00000000d6980000,0x00000000e9f73088,0x00000000eb580000)
  from space 47616K, 0% used [0x00000000eb580000,0x00000000eb580000,0x00000000ee400000)
  to   space 46080K, 0% used [0x00000000f2280000,0x00000000f2280000,0x00000000f4f80000)
 ParOldGen       total 205824K, used 43163K [0x0000000083c00000, 0x0000000090500000, 0x00000000d6980000)
  object space 205824K, 20% used [0x0000000083c00000,0x0000000086626ee0,0x0000000090500000)
 Metaspace       used 73850K, capacity 75154K, committed 75608K, reserved 1116160K
  class space    used 8482K, capacity 8788K, committed 8832K, reserved 1048576K
Event: 1143.366 GC heap after
Heap after GC invocations=20 (full 4):
 PSYoungGen      total 453120K, used 10663K [0x00000000d6980000, 0x00000000f5480000, 0x0000000100000000)
  eden space 407040K, 0% used [0x00000000d6980000,0x00000000d6980000,0x00000000ef700000)
  from space 46080K, 23% used [0x00000000f2280000,0x00000000f2ce9c08,0x00000000f4f80000)
  to   space 44544K, 0% used [0x00000000ef700000,0x00000000ef700000,0x00000000f2280000)
 ParOldGen       total 205824K, used 43171K [0x0000000083c00000, 0x0000000090500000, 0x00000000d6980000)
  object space 205824K, 20% used [0x0000000083c00000,0x0000000086628ee0,0x0000000090500000)
 Metaspace       used 73850K, capacity 75154K, committed 75608K, reserved 1116160K
  class space    used 8482K, capacity 8788K, committed 8832K, reserved 1048576K
}
Event: 1143.366 GC heap before
{Heap before GC invocations=21 (full 5):
 PSYoungGen      total 453120K, used 10663K [0x00000000d6980000, 0x00000000f5480000, 0x0000000100000000)
  eden space 407040K, 0% used [0x00000000d6980000,0x00000000d6980000,0x00000000ef700000)
  from space 46080K, 23% used [0x00000000f2280000,0x00000000f2ce9c08,0x00000000f4f80000)
  to   space 44544K, 0% used [0x00000000ef700000,0x00000000ef700000,0x00000000f2280000)
 ParOldGen       total 205824K, used 43171K [0x0000000083c00000, 0x0000000090500000, 0x00000000d6980000)
  object space 205824K, 20% used [0x0000000083c00000,0x0000000086628ee0,0x0000000090500000)
 Metaspace       used 73850K, capacity 75154K, committed 75608K, reserved 1116160K
  class space    used 8482K, capacity 8788K, committed 8832K, reserved 1048576K
Event: 1143.899 GC heap after
Heap after GC invocations=21 (full 5):
 PSYoungGen      total 453120K, used 0K [0x00000000d6980000, 0x00000000f5480000, 0x0000000100000000)
  eden space 407040K, 0% used [0x00000000d6980000,0x00000000d6980000,0x00000000ef700000)
  from space 46080K, 0% used [0x00000000f2280000,0x00000000f2280000,0x00000000f4f80000)
  to   space 44544K, 0% used [0x00000000ef700000,0x00000000ef700000,0x00000000f2280000)
 ParOldGen       total 205824K, used 41528K [0x0000000083c00000, 0x0000000090500000, 0x00000000d6980000)
  object space 205824K, 20% used [0x0000000083c00000,0x000000008648e258,0x0000000090500000)
 Metaspace       used 73648K, capacity 74702K, committed 75608K, reserved 1116160K
  class space    used 8475K, capacity 8772K, committed 8832K, reserved 1048576K
}

Deoptimization events (10 events):
Event: 1143.297 Thread 0x000000001e987000 Uncommon trap: reason=unhandled action=none pc=0x00000000046beef4 method=org.codehaus.plexus.classworlds.realm.ClassRealm.findClass(Ljava/lang/String;)Ljava/lang/Class; @ 8
Event: 1143.297 Thread 0x000000001e987000 Uncommon trap: reason=unhandled action=none pc=0x00000000046beef4 method=org.codehaus.plexus.classworlds.realm.ClassRealm.findClass(Ljava/lang/String;)Ljava/lang/Class; @ 8
Event: 1143.297 Thread 0x000000001e987000 Uncommon trap: reason=unhandled action=none pc=0x0000000003fc322c method=java.net.URLClassLoader.findClass(Ljava/lang/String;)Ljava/lang/Class; @ 44
Event: 1143.338 Thread 0x0000000002bae800 Uncommon trap: reason=unstable_if action=reinterpret pc=0x00000000050b7734 method=java.util.Formatter$FormatSpecifier.<init>(Ljava/util/Formatter;Ljava/util/regex/Matcher;)V @ 92
Event: 1143.338 Thread 0x0000000002bae800 Uncommon trap: reason=unstable_if action=reinterpret pc=0x000000000488fa40 method=java.util.Formatter$FormatSpecifier.conversion(Ljava/lang/String;)C @ 13
Event: 1143.338 Thread 0x0000000002bae800 Uncommon trap: reason=unstable_if action=reinterpret pc=0x0000000004879f5c method=java.util.Formatter$FormatSpecifier.print(Ljava/lang/Object;Ljava/util/Locale;)V @ 4
Event: 1143.899 Thread 0x0000000002fe2000 Uncommon trap: reason=unstable_if action=reinterpret pc=0x0000000003bf7e34 method=java.lang.ref.Reference.tryHandlePending(Z)Z @ 20
Event: 1143.903 Thread 0x00000000179da800 Uncommon trap: reason=unstable_if action=reinterpret pc=0x00000000031e2ad0 method=org.eclipse.jetty.util.resource.URLResource.close()V @ 36
Event: 1143.903 Thread 0x00000000179da800 Uncommon trap: reason=bimorphic action=maybe_recompile pc=0x0000000003c9dc48 method=org.eclipse.jetty.util.resource.Resource.finalize()V @ 1
Event: 1143.903 Thread 0x00000000179da800 Uncommon trap: reason=unstable_if action=reinterpret pc=0x0000000003b7cc98 method=org.eclipse.jetty.util.resource.URLResource.close()V @ 36

Internal exceptions (10 events):
Event: 1034.644 Thread 0x000000001a12a000 Exception <a 'java/lang/reflect/InvocationTargetException'> (0x00000000e4be14e0) thrown at [D:\re\workspace\8-2-build-windows-amd64-cygwin\jdk8u77\6540\hotspot\src\share\vm\runtime\reflection.cpp, line 1092]
Event: 1034.650 Thread 0x000000001a12a000 Exception <a 'java/io/IOException'> (0x00000000e81e7ac0) thrown at [D:\re\workspace\8-2-build-windows-amd64-cygwin\jdk8u77\6540\hotspot\src\share\vm\prims\jni.cpp, line 709]
Event: 1035.947 Thread 0x000000001a131800 Exception <a 'java/lang/reflect/InvocationTargetException'> (0x00000000e8272df0) thrown at [D:\re\workspace\8-2-build-windows-amd64-cygwin\jdk8u77\6540\hotspot\src\share\vm\runtime\reflection.cpp, line 1092]
Event: 1035.953 Thread 0x000000001a131800 Exception <a 'java/io/IOException'> (0x00000000e83e3210) thrown at [D:\re\workspace\8-2-build-windows-amd64-cygwin\jdk8u77\6540\hotspot\src\share\vm\prims\jni.cpp, line 709]
Event: 1037.466 Thread 0x000000001e983800 Exception <a 'java/lang/reflect/InvocationTargetException'> (0x00000000e7bc3968) thrown at [D:\re\workspace\8-2-build-windows-amd64-cygwin\jdk8u77\6540\hotspot\src\share\vm\runtime\reflection.cpp, line 1092]
Event: 1038.466 Thread 0x000000001aaf7000 Exception <a 'java/lang/reflect/InvocationTargetException'> (0x00000000e86defc0) thrown at [D:\re\workspace\8-2-build-windows-amd64-cygwin\jdk8u77\6540\hotspot\src\share\vm\runtime\reflection.cpp, line 1092]
Event: 1065.039 Thread 0x0000000020c77000 Exception <a 'java/lang/reflect/InvocationTargetException'> (0x00000000e8fa9ba0) thrown at [D:\re\workspace\8-2-build-windows-amd64-cygwin\jdk8u77\6540\hotspot\src\share\vm\runtime\reflection.cpp, line 1092]
Event: 1066.063 Thread 0x000000001a12a000 Exception <a 'java/lang/reflect/InvocationTargetException'> (0x00000000e91cbad8) thrown at [D:\re\workspace\8-2-build-windows-amd64-cygwin\jdk8u77\6540\hotspot\src\share\vm\runtime\reflection.cpp, line 1092]
Event: 1141.901 Thread 0x0000000020399000 Exception <a 'java/io/IOException'> (0x00000000dec6ca50) thrown at [D:\re\workspace\8-2-build-windows-amd64-cygwin\jdk8u77\6540\hotspot\src\share\vm\prims\jni.cpp, line 709]
Event: 1143.330 Thread 0x000000001e987000 Exception <a 'java/io/FileNotFoundException'> (0x00000000e9569218) thrown at [D:\re\workspace\8-2-build-windows-amd64-cygwin\jdk8u77\6540\hotspot\src\share\vm\prims\jni.cpp, line 709]

Events (10 events):
Event: 1143.904 Executing VM operation: RevokeBias
Event: 1143.904 Executing VM operation: RevokeBias done
Event: 1143.919 Thread 0x00000000196e6000 flushing nmethod 0x00000000032874d0
Event: 1143.921 Thread 0x000000001a123800 Thread exited: 0x000000001a123800
Event: 1143.948 loading class java/util/WeakHashMap$KeyIterator
Event: 1143.948 loading class java/util/WeakHashMap$KeyIterator done
Event: 1143.948 Executing VM operation: Deoptimize
Event: 1143.949 Executing VM operation: Deoptimize done
Event: 1143.950 Thread 0x00000000179ee000 Thread exited: 0x00000000179ee000
Event: 1143.950 Executing VM operation: Exit


Dynamic libraries:
0x00007ff71b490000 - 0x00007ff71b4c7000 	C:\Program Files\Java\jdk1.8.0_77\bin\javaw.exe
0x00007fffadd20000 - 0x00007fffadef1000 	C:\WINDOWS\SYSTEM32\ntdll.dll
0x00007fffad620000 - 0x00007fffad6cb000 	C:\WINDOWS\System32\KERNEL32.DLL
0x00007fffaadb0000 - 0x00007fffaafcd000 	C:\WINDOWS\System32\KERNELBASE.dll
0x00007fffab2b0000 - 0x00007fffab352000 	C:\WINDOWS\System32\ADVAPI32.dll
0x00007fffad580000 - 0x00007fffad61e000 	C:\WINDOWS\System32\msvcrt.dll
0x00007fffadcc0000 - 0x00007fffadd19000 	C:\WINDOWS\System32\sechost.dll
0x00007fffad030000 - 0x00007fffad151000 	C:\WINDOWS\System32\RPCRT4.dll
0x00007fffab360000 - 0x00007fffab4c5000 	C:\WINDOWS\System32\USER32.dll
0x00007fffab140000 - 0x00007fffab15e000 	C:\WINDOWS\System32\win32u.dll
0x00007fffab530000 - 0x00007fffab564000 	C:\WINDOWS\System32\GDI32.dll
0x00007fffaab70000 - 0x00007fffaacf2000 	C:\WINDOWS\System32\gdi32full.dll
0x00007fffa1f90000 - 0x00007fffa2209000 	C:\WINDOWS\WinSxS\amd64_microsoft.windows.common-controls_6595b64144ccf1df_6.0.14393.447_none_42191651c6827bb3\COMCTL32.dll
0x00007fffad2a0000 - 0x00007fffad568000 	C:\WINDOWS\System32\combase.dll
0x00007fffab160000 - 0x00007fffab255000 	C:\WINDOWS\System32\ucrtbase.dll
0x00007fffab0d0000 - 0x00007fffab13a000 	C:\WINDOWS\System32\bcryptPrimitives.dll
0x00007fffadc30000 - 0x00007fffadc5e000 	C:\WINDOWS\System32\IMM32.DLL
0x0000000054ce0000 - 0x0000000054db2000 	C:\Program Files\Java\jdk1.8.0_77\jre\bin\msvcr100.dll
0x0000000054f80000 - 0x0000000055810000 	C:\Program Files\Java\jdk1.8.0_77\jre\bin\server\jvm.dll
0x00007fffad290000 - 0x00007fffad298000 	C:\WINDOWS\System32\PSAPI.DLL
0x00007fff94f70000 - 0x00007fff94f79000 	C:\WINDOWS\SYSTEM32\WSOCK32.dll
0x00007fffa8160000 - 0x00007fffa8183000 	C:\WINDOWS\SYSTEM32\WINMM.dll
0x00007fffad220000 - 0x00007fffad28a000 	C:\WINDOWS\System32\WS2_32.dll
0x00007fffa51e0000 - 0x00007fffa51ea000 	C:\WINDOWS\SYSTEM32\VERSION.dll
0x0000000002be0000 - 0x0000000002c0b000 	C:\WINDOWS\SYSTEM32\WINMMBASE.dll
0x00007fffab260000 - 0x00007fffab2a2000 	C:\WINDOWS\System32\cfgmgr32.dll
0x0000000056180000 - 0x000000005618f000 	C:\Program Files\Java\jdk1.8.0_77\jre\bin\verify.dll
0x0000000054e70000 - 0x0000000054e99000 	C:\Program Files\Java\jdk1.8.0_77\jre\bin\java.dll
0x0000000054c90000 - 0x0000000054cc5000 	C:\Program Files\Java\jdk1.8.0_77\jre\bin\jdwp.dll
0x0000000054c80000 - 0x0000000054c88000 	C:\Program Files\Java\jdk1.8.0_77\jre\bin\npt.dll
0x0000000054c50000 - 0x0000000054c73000 	C:\Program Files\Java\jdk1.8.0_77\jre\bin\instrument.dll
0x0000000054e50000 - 0x0000000054e66000 	C:\Program Files\Java\jdk1.8.0_77\jre\bin\zip.dll
0x00007fffab810000 - 0x00007fffacd19000 	C:\WINDOWS\System32\SHELL32.dll
0x00007fffaa490000 - 0x00007fffaab6a000 	C:\WINDOWS\System32\windows.storage.dll
0x00007fffaa180000 - 0x00007fffaa1cc000 	C:\WINDOWS\System32\powrprof.dll
0x00007fffab4d0000 - 0x00007fffab522000 	C:\WINDOWS\System32\shlwapi.dll
0x00007fffaa1e0000 - 0x00007fffaa1ef000 	C:\WINDOWS\System32\kernel.appcore.dll
0x00007fffaa210000 - 0x00007fffaa2b9000 	C:\WINDOWS\System32\shcore.dll
0x00007fffaa1f0000 - 0x00007fffaa204000 	C:\WINDOWS\System32\profapi.dll
0x0000000054c40000 - 0x0000000054c49000 	C:\Program Files\Java\jdk1.8.0_77\jre\bin\dt_socket.dll
0x00007fff974e0000 - 0x00007fff974f6000 	C:\WINDOWS\system32\napinsp.dll
0x00007fff97500000 - 0x00007fff9751a000 	C:\WINDOWS\system32\pnrpnsp.dll
0x00007fffa6760000 - 0x00007fffa6778000 	C:\WINDOWS\system32\NLAapi.dll
0x00007fffa99e0000 - 0x00007fffa9a3c000 	C:\WINDOWS\System32\mswsock.dll
0x00007fffa97b0000 - 0x00007fffa9850000 	C:\WINDOWS\SYSTEM32\DNSAPI.dll
0x00007fffad570000 - 0x00007fffad578000 	C:\WINDOWS\System32\NSI.dll
0x00007fffa9770000 - 0x00007fffa97a8000 	C:\WINDOWS\SYSTEM32\IPHLPAPI.DLL
0x00007fff997e0000 - 0x00007fff997ee000 	C:\WINDOWS\System32\winrnr.dll
0x00007fff97520000 - 0x00007fff97535000 	C:\WINDOWS\System32\wshbth.dll
0x00007fffa17a0000 - 0x00007fffa180a000 	C:\WINDOWS\System32\fwpuclnt.dll
0x00007fffa9d60000 - 0x00007fffa9d8b000 	C:\WINDOWS\SYSTEM32\bcrypt.dll
0x00007fff9b2b0000 - 0x00007fff9b2ba000 	C:\Windows\System32\rasadhlp.dll
0x0000000054e30000 - 0x0000000054e4a000 	C:\Program Files\Java\jdk1.8.0_77\jre\bin\net.dll
0x0000000054e10000 - 0x0000000054e21000 	C:\Program Files\Java\jdk1.8.0_77\jre\bin\nio.dll
0x00007fffa9c50000 - 0x00007fffa9c67000 	C:\WINDOWS\SYSTEM32\CRYPTSP.dll
0x00007fffa9b60000 - 0x00007fffa9b93000 	C:\WINDOWS\system32\rsaenh.dll
0x00007fffa9860000 - 0x00007fffa987f000 	C:\WINDOWS\SYSTEM32\USERENV.dll
0x00007fffa9c70000 - 0x00007fffa9c7b000 	C:\WINDOWS\SYSTEM32\CRYPTBASE.dll
0x00007fffa6670000 - 0x00007fffa6686000 	C:\WINDOWS\SYSTEM32\dhcpcsvc6.DLL
0x00007fffa70d0000 - 0x00007fffa70ea000 	C:\WINDOWS\SYSTEM32\dhcpcsvc.DLL
0x0000000054cd0000 - 0x0000000054cdd000 	C:\Program Files\Java\jdk1.8.0_77\jre\bin\management.dll
0x0000000054dc0000 - 0x0000000054de4000 	C:\Program Files\Java\jdk1.8.0_77\jre\bin\sunec.dll
0x00007fffa5e80000 - 0x00007fffa6012000 	C:\WINDOWS\SYSTEM32\dbghelp.dll

VM Arguments:
jvm_args: -agentlib:jdwp=transport=dt_socket,suspend=y,address=localhost:56453 -Dmaven.home=EMBEDDED -Dclassworlds.conf=C:\Users\janik\Desktop\baseProject8\.metadata\.plugins\org.eclipse.m2e.launching\launches\m2conf6123644623316618732.tmp -Dmaven.multiModuleProjectDirectory=C:\Users\janik\Desktop\baseProject8\ese2016-team1\baseProject -javaagent:C:\Users\janik\.p2\pool\plugins\com.ifedorenko.m2e.sourcelookup_1.1.0.201506181114\com.ifedorenko.m2e.sourcelookup.javaagent.jar -Dfile.encoding=Cp1252 
java_command: org.codehaus.plexus.classworlds.launcher.Launcher -B jetty:stop jetty:run
java_class_path (initial): /C:/Users/janik/eclipse/jee-neon/eclipse/../../../.p2/pool/plugins/org.eclipse.m2e.maven.runtime_1.7.0.20160603-1931/jars/plexus-classworlds-2.5.2.jar;C:\Users\janik\.p2\pool\plugins\com.ifedorenko.m2e.sourcelookup_1.1.0.201506181114\com.ifedorenko.m2e.sourcelookup.javaagent.jar
Launcher Type: SUN_STANDARD

Environment Variables:
JAVA_HOME=C:\Program Files\Java\jdk1.8.0_77
PATH=C:\Program Files\Java\jdk1.8.0_77\jre\bin;C:/Program Files/Java/jdk1.8.0_77/jre/bin/server;C:/Program Files/Java/jdk1.8.0_77/jre/bin;C:/Program Files/Java/jdk1.8.0_77/jre/lib/amd64;C:\ProgramData\Oracle\Java\javapath;C:\Program Files (x86)\Brackets\command;C:\Program Files (x86)\MiKTeX 2.9\miktex\bin\;C:\WINDOWS\system32;C:\WINDOWS;C:\WINDOWS\System32\Wbem;C:\WINDOWS\System32\WindowsPowerShell\v1.0\;C:\Users\janik\AppData\Local\Programs\Python\Python35-32\Scripts\;C:\Users\janik\AppData\Local\Programs\Python\Python35-32\;C:\Program Files\Java\jdk1.8.0_77;C:\Program Files\Java\jdk1.8.0_77\bin;,;C:\Program Files\apache-maven-3.3.9-bin\apache-maven-3.3.9\bin;C:\Users\janik\AppData\Local\Microsoft\WindowsApps;;C:\WINDOWS\system32;
USERNAME=janik
OS=Windows_NT
PROCESSOR_IDENTIFIER=Intel64 Family 6 Model 69 Stepping 1, GenuineIntel



---------------  S Y S T E M  ---------------

OS: Windows 10.0 , 64 bit Build 14393 (10.0.14393.0)

CPU:total 4 (2 cores per cpu, 2 threads per core) family 6 model 69 stepping 1, cmov, cx8, fxsr, mmx, sse, sse2, sse3, ssse3, sse4.1, sse4.2, popcnt, avx, avx2, aes, clmul, erms, lzcnt, ht, tsc, tscinvbit, bmi1, bmi2

Memory: 4k page, physical 8134936k(2926428k free), swap 9445656k(2709736k free)

vm_info: Java HotSpot(TM) 64-Bit Server VM (25.77-b03) for windows-amd64 JRE (1.8.0_77-b03), built on Mar 20 2016 22:01:33 by "java_re" with MS VC++ 10.0 (VS2010)

time: Sat Dec 10 19:42:07 2016
elapsed time: 1144 seconds (0d 0h 19m 4s)

